[04-Nov-2025 02:23:23 Europe/Berlin] PHP Fatal error:  During inheritance of JsonSerializable: Uncaught yii\base\ErrorException: Return type of frontend\models\Service::jsonSerialize() should either be compatible with JsonSerializable::jsonSerialize(): mixed, or the #[\ReturnTypeWillChange] attribute should be used to temporarily suppress the notice in /opt/lampp/htdocs/frontend/models/Service.php:59
Stack trace:
#0 /opt/lampp/htdocs/frontend/models/Service.php(24): yii\base\ErrorHandler->handleError(8192, 'Return type of ...', '/opt/lampp/htdo...', 59)
#1 /opt/lampp/htdocs/vendor/yiisoft/yii2/BaseYii.php(293): include('/opt/lampp/htdo...')
#2 /opt/lampp/htdocs/frontend/controllers/CatalogController.php(140): yii\BaseYii::autoload('frontend\\models...')
#3 [internal function]: frontend\controllers\CatalogController->actionService('2')
#4 /opt/lampp/htdocs/vendor/yiisoft/yii2/base/InlineAction.php(57): call_user_func_array(Array, Array)
#5 /opt/lampp/htdocs/vendor/yiisoft/yii2/base/Controller.php(178): yii\base\InlineAction->runWithParams(Array)
#6 /opt/lampp/htdocs/vendor/yiisoft/yii2/base/Module.php(552): yii\base\Controller->runAction('service', Array)
#7 /opt/lampp/htdocs/vendor/yiisoft/yii2/web/Application.php(103): yii\base\Module->runAction('catalog/service', Array)
#8 /opt/lampp/htdocs/vendor/yiisoft/yii2/base/Application.php(384): yii\web\Application->handleRequest(Object(yii\web\Request))
#9 /opt/lampp/htdocs/frontend/web/index.php(30): yii\base\Application->run()
#10 {main} in /opt/lampp/htdocs/frontend/models/Service.php on line 24
[04-Nov-2025 07:01:04 Europe/Berlin] An Error occurred while handling another error:
ParseError: syntax error, unexpected identifier "Yii", expecting ")" in /opt/lampp/htdocs/frontend/views/layouts/main.php:90
Stack trace:
#0 /opt/lampp/htdocs/vendor/yiisoft/yii2/base/View.php(257): yii\base\View->renderPhpFile('/opt/lampp/htdo...', Array)
#1 /opt/lampp/htdocs/vendor/yiisoft/yii2/base/Controller.php(422): yii\base\View->renderFile('/opt/lampp/htdo...', Array, Object(frontend\controllers\SiteController))
#2 /opt/lampp/htdocs/vendor/yiisoft/yii2/base/Controller.php(408): yii\base\Controller->renderContent('<div class="sit...')
#3 /opt/lampp/htdocs/vendor/yiisoft/yii2/web/ErrorAction.php(139): yii\base\Controller->render('error', Array)
#4 /opt/lampp/htdocs/vendor/yiisoft/yii2/web/ErrorAction.php(118): yii\web\ErrorAction->renderHtmlResponse()
#5 [internal function]: yii\web\ErrorAction->run()
#6 /opt/lampp/htdocs/vendor/yiisoft/yii2/base/Action.php(93): call_user_func_array(Array, Array)
#7 /opt/lampp/htdocs/vendor/yiisoft/yii2/base/Controller.php(178): yii\base\Action->runWithParams(Array)
#8 /opt/lampp/htdocs/vendor/yiisoft/yii2/base/Module.php(552): yii\base\Controller->runAction('error', Array)
#9 /opt/lampp/htdocs/vendor/yiisoft/yii2/web/ErrorHandler.php(109): yii\base\Module->runAction('site/error')
#10 /opt/lampp/htdocs/vendor/yiisoft/yii2/base/ErrorHandler.php(152): yii\web\ErrorHandler->renderException(Object(yii\web\NotFoundHttpException))
#11 [internal function]: yii\base\ErrorHandler->handleException(Object(yii\web\NotFoundHttpException))
#12 {main}
Previous exception:
yii\base\InvalidRouteException: Unable to resolve the request "lv_LV/order/index". in /opt/lampp/htdocs/vendor/yiisoft/yii2/base/Module.php:561
Stack trace:
#0 /opt/lampp/htdocs/vendor/yiisoft/yii2/web/Application.php(103): yii\base\Module->runAction('lv_LV/order/ind...', Array)
#1 /opt/lampp/htdocs/vendor/yiisoft/yii2/base/Application.php(384): yii\web\Application->handleRequest(Object(yii\web\Request))
#2 /opt/lampp/htdocs/frontend/web/index.php(30): yii\base\Application->run()
#3 {main}

Next yii\web\NotFoundHttpException: Pieprasītā lapa netika atrasta. in /opt/lampp/htdocs/vendor/yiisoft/yii2/web/Application.php:115
Stack trace:
#0 /opt/lampp/htdocs/vendor/yiisoft/yii2/base/Application.php(384): yii\web\Application->handleRequest(Object(yii\web\Request))
#1 /opt/lampp/htdocs/frontend/web/index.php(30): yii\base\Application->run()
#2 {main}
$_SERVER = [
    'REDIRECT_UNIQUE_ID' => 'aQmWoObYwTspdu9EjoL3ewAAAAw',
    'REDIRECT_STATUS' => '200',
    'UNIQUE_ID' => 'aQmWoObYwTspdu9EjoL3ewAAAAw',
    'HTTP_HOST' => 'localhost',
    'HTTP_USER_AGENT' => 'Mozilla/5.0 (X11; Linux x86_64; rv:144.0) Gecko/20100101 Firefox/144.0',
    'HTTP_ACCEPT' => 'text/html,application/xhtml+xml,application/xml;q=0.9,*/*;q=0.8',
    'HTTP_ACCEPT_LANGUAGE' => 'en-US,en;q=0.5',
    'HTTP_ACCEPT_ENCODING' => 'gzip, deflate, br, zstd',
    'HTTP_REFERER' => 'http://localhost/post/index',
    'HTTP_CONNECTION' => 'keep-alive',
    'HTTP_COOKIE' => 'advanced-frontend=0kkeh05791rguqbcfi6oimaubq; _csrf-frontend=44f0dc7af389a8d1810362bfce143f4ca8a296b3dd0a03f9fca9fa0876f21075a%3A2%3A%7Bi%3A0%3Bs%3A14%3A%22_csrf-frontend%22%3Bi%3A1%3Bs%3A32%3A%22B5XhhutmJ4b-fIclFxuJFmhRSNBOKejf%22%3B%7D; _identity-frontend=fa8d6b38aa47231b2f031ca4f5a743847deed5af63945f011c224b522ce28c16a%3A2%3A%7Bi%3A0%3Bs%3A18%3A%22_identity-frontend%22%3Bi%3A1%3Bs%3A46%3A%22%5B1%2C%22Hf_1i_qStU7vZtOQIWcuyVylmE4ThL_C%22%2C2592000%5D%22%3B%7D',
    'HTTP_UPGRADE_INSECURE_REQUESTS' => '1',
    'HTTP_SEC_FETCH_DEST' => 'document',
    'HTTP_SEC_FETCH_MODE' => 'navigate',
    'HTTP_SEC_FETCH_SITE' => 'same-origin',
    'HTTP_SEC_FETCH_USER' => '?1',
    'HTTP_PRIORITY' => 'u=0, i',
    'PATH' => '/usr/sbin:/usr/bin:/sbin:/bin:/root/bin',
    'LD_LIBRARY_PATH' => '/opt/lampp/lib:/opt/lampp/lib',
    'SERVER_SIGNATURE' => '',
    'SERVER_SOFTWARE' => 'Apache/2.4.58 (Unix) OpenSSL/1.1.1w PHP/8.2.12 mod_perl/2.0.12 Perl/v5.34.1',
    'SERVER_NAME' => 'localhost',
    'SERVER_ADDR' => '127.0.0.1',
    'SERVER_PORT' => '80',
    'REMOTE_ADDR' => '127.0.0.1',
    'DOCUMENT_ROOT' => '/opt/lampp/htdocs/frontend/web',
    'REQUEST_SCHEME' => 'http',
    'CONTEXT_PREFIX' => '',
    'CONTEXT_DOCUMENT_ROOT' => '/opt/lampp/htdocs/frontend/web',
    'SERVER_ADMIN' => 'you@example.com',
    'SCRIPT_FILENAME' => '/opt/lampp/htdocs/frontend/web/index.php',
    'REMOTE_PORT' => '39248',
    'REDIRECT_URL' => '/lv_LV/order/index',
    'GATEWAY_INTERFACE' => 'CGI/1.1',
    'SERVER_PROTOCOL' => 'HTTP/1.1',
    'REQUEST_METHOD' => 'GET',
    'QUERY_STRING' => '',
    'REQUEST_URI' => '/lv_LV/order/index',
    'SCRIPT_NAME' => '/index.php',
    'PHP_SELF' => '/index.php',
    'REQUEST_TIME_FLOAT' => 1762236064.09167194366455078125,
    'REQUEST_TIME' => 1762236064,
]
[04-Jan-2026 16:25:32 UTC] PHP Deprecated:  Psy\info(): Implicitly marking parameter $config as nullable is deprecated, the explicit nullable type must be used instead in /srv/http/vendor/psy/psysh/src/functions.php on line 131
[04-Jan-2026 16:25:32 UTC] PHP Deprecated:  yii\base\Component::trigger(): Implicitly marking parameter $event as nullable is deprecated, the explicit nullable type must be used instead in /srv/http/vendor/yiisoft/yii2/base/Component.php on line 607
[04-Jan-2026 16:25:32 UTC] Xdebug: [Step Debug] Could not connect to debugging client. Tried: 127.0.0.1:9003 (through xdebug.client_host/xdebug.client_port).
[04-Jan-2026 16:35:22 UTC] PHP Deprecated:  Psy\info(): Implicitly marking parameter $config as nullable is deprecated, the explicit nullable type must be used instead in /srv/http/vendor/psy/psysh/src/functions.php on line 131
[04-Jan-2026 16:35:22 UTC] PHP Deprecated:  yii\base\Component::trigger(): Implicitly marking parameter $event as nullable is deprecated, the explicit nullable type must be used instead in /srv/http/vendor/yiisoft/yii2/base/Component.php on line 607
[04-Jan-2026 16:35:22 UTC] Xdebug: [Step Debug] Could not connect to debugging client. Tried: 127.0.0.1:9003 (through xdebug.client_host/xdebug.client_port).
[04-Jan-2026 16:35:22 UTC] PHP Deprecated:  Constant E_STRICT is deprecated since 8.4, the error level was removed in /srv/http/vendor/yiisoft/yii2/base/ErrorException.php on line 129
